# JRE version: Java(TM) SE Runtime Environment (8.0_131-b11) (build 1.8.0_131-b11)
# Java VM: Java HotSpot(TM) 64-Bit Server VM (25.131-b11 mixed mode linux-amd64 compressed oops)
Heap:
 PSYoungGen      total 474624K, used 43871K [0x00000000d7d00000, 0x00000000f7f00000, 0x0000000100000000)
  eden space 433664K, 10% used [0x00000000d7d00000,0x00000000da7d7e10,0x00000000f2480000)
  from space 40960K, 0% used [0x00000000f5000000,0x00000000f5000000,0x00000000f7800000)
  to   space 44544K, 0% used [0x00000000f2480000,0x00000000f2480000,0x00000000f5000000)
 ParOldGen       total 83456K, used 83384K [0x0000000087600000, 0x000000008c780000, 0x00000000d7d00000)
  object space 83456K, 99% used [0x0000000087600000,0x000000008c76e008,0x000000008c780000)
 Metaspace       used 12621K, capacity 12834K, committed 13184K, reserved 1060864K
  class space    used 1515K, capacity 1580K, committed 1664K, reserved 1048576K
GC Heap History (10 events):
Event: 3.116 GC heap before
{Heap before GC invocations=10 (full 1):
 PSYoungGen      total 239616K, used 239616K [0x00000000d7d00000, 0x00000000e9200000, 0x0000000100000000)
  eden space 218624K, 100% used [0x00000000d7d00000,0x00000000e5280000,0x00000000e5280000)
  from space 20992K, 100% used [0x00000000e6e80000,0x00000000e8300000,0x00000000e8300000)
  to   space 28672K, 0% used [0x00000000e5280000,0x00000000e5280000,0x00000000e6e80000)
 ParOldGen       total 83456K, used 35816K [0x0000000087600000, 0x000000008c780000, 0x00000000d7d00000)
  object space 83456K, 42% used [0x0000000087600000,0x00000000898fa040,0x000000008c780000)
 Metaspace       used 12505K, capacity 12706K, committed 12928K, reserved 1060864K
  class space    used 1505K, capacity 1580K, committed 1664K, reserved 1048576K
Event: 3.183 GC heap after
Heap after GC invocations=10 (full 1):
 PSYoungGen      total 247296K, used 28672K [0x00000000d7d00000, 0x00000000f7800000, 0x0000000100000000)
  eden space 218624K, 0% used [0x00000000d7d00000,0x00000000d7d00000,0x00000000e5280000)
  from space 28672K, 100% used [0x00000000e5280000,0x00000000e6e80000,0x00000000e6e80000)
  to   space 40960K, 0% used [0x00000000f5000000,0x00000000f5000000,0x00000000f7800000)
 ParOldGen       total 83456K, used 54624K [0x0000000087600000, 0x000000008c780000, 0x00000000d7d00000)
  object space 83456K, 65% used [0x0000000087600000,0x000000008ab58040,0x000000008c780000)
 Metaspace       used 12505K, capacity 12706K, committed 12928K, reserved 1060864K
  class space    used 1505K, capacity 1580K, committed 1664K, reserved 1048576K
}
Event: 3.240 GC heap before
{Heap before GC invocations=11 (full 1):
 PSYoungGen      total 247296K, used 65935K [0x00000000d7d00000, 0x00000000f7800000, 0x0000000100000000)
  eden space 218624K, 17% used [0x00000000d7d00000,0x00000000da163d40,0x00000000e5280000)
  from space 28672K, 100% used [0x00000000e5280000,0x00000000e6e80000,0x00000000e6e80000)
  to   space 40960K, 0% used [0x00000000f5000000,0x00000000f5000000,0x00000000f7800000)
 ParOldGen       total 83456K, used 54624K [0x0000000087600000, 0x000000008c780000, 0x00000000d7d00000)
  object space 83456K, 65% used [0x0000000087600000,0x000000008ab58040,0x000000008c780000)
 Metaspace       used 12524K, capacity 12706K, committed 12928K, reserved 1060864K
  class space    used 1508K, capacity 1580K, committed 1664K, reserved 1048576K
Event: 3.283 GC heap after
Heap after GC invocations=11 (full 1):
 PSYoungGen      total 474624K, used 32024K [0x00000000d7d00000, 0x00000000f7f00000, 0x0000000100000000)
  eden space 433664K, 0% used [0x00000000d7d00000,0x00000000d7d00000,0x00000000f2480000)
  from space 40960K, 78% used [0x00000000f5000000,0x00000000f6f462b8,0x00000000f7800000)
  to   space 44544K, 0% used [0x00000000f2480000,0x00000000f2480000,0x00000000f5000000)
 ParOldGen       total 83456K, used 56528K [0x0000000087600000, 0x000000008c780000, 0x00000000d7d00000)
  object space 83456K, 67% used [0x0000000087600000,0x000000008ad34040,0x000000008c780000)
 Metaspace       used 12524K, capacity 12706K, committed 12928K, reserved 1060864K
  class space    used 1508K, capacity 1580K, committed 1664K, reserved 1048576K
}
Event: 3.283 GC heap before
{Heap before GC invocations=12 (full 2):
 PSYoungGen      total 474624K, used 32024K [0x00000000d7d00000, 0x00000000f7f00000, 0x0000000100000000)
  eden space 433664K, 0% used [0x00000000d7d00000,0x00000000d7d00000,0x00000000f2480000)
  from space 40960K, 78% used [0x00000000f5000000,0x00000000f6f462b8,0x00000000f7800000)
  to   space 44544K, 0% used [0x00000000f2480000,0x00000000f2480000,0x00000000f5000000)
 ParOldGen       total 83456K, used 56528K [0x0000000087600000, 0x000000008c780000, 0x00000000d7d00000)
  object space 83456K, 67% used [0x0000000087600000,0x000000008ad34040,0x000000008c780000)
 Metaspace       used 12524K, capacity 12706K, committed 12928K, reserved 1060864K
  class space    used 1508K, capacity 1580K, committed 1664K, reserved 1048576K
Event: 3.608 GC heap after
Heap after GC invocations=12 (full 2):
 PSYoungGen      total 474624K, used 3278K [0x00000000d7d00000, 0x00000000f7f00000, 0x0000000100000000)
  eden space 433664K, 0% used [0x00000000d7d00000,0x00000000d7d00000,0x00000000f2480000)
  from space 40960K, 8% used [0x00000000f5000000,0x00000000f5333930,0x00000000f7800000)
  to   space 44544K, 0% used [0x00000000f2480000,0x00000000f2480000,0x00000000f5000000)
 ParOldGen       total 83456K, used 82987K [0x0000000087600000, 0x000000008c780000, 0x00000000d7d00000)
  object space 83456K, 99% used [0x0000000087600000,0x000000008c70af00,0x000000008c780000)
 Metaspace       used 12524K, capacity 12706K, committed 12928K, reserved 1060864K
  class space    used 1508K, capacity 1580K, committed 1664K, reserved 1048576K
}
Event: 3.613 GC heap before
{Heap before GC invocations=13 (full 3):
 PSYoungGen      total 474624K, used 8835K [0x00000000d7d00000, 0x00000000f7f00000, 0x0000000100000000)
  eden space 433664K, 1% used [0x00000000d7d00000,0x00000000d826d510,0x00000000f2480000)
  from space 40960K, 8% used [0x00000000f5000000,0x00000000f5333930,0x00000000f7800000)
  to   space 44544K, 0% used [0x00000000f2480000,0x00000000f2480000,0x00000000f5000000)
 ParOldGen       total 83456K, used 82987K [0x0000000087600000, 0x000000008c780000, 0x00000000d7d00000)
  object space 83456K, 99% used [0x0000000087600000,0x000000008c70af00,0x000000008c780000)
 Metaspace       used 12526K, capacity 12770K, committed 12928K, reserved 1060864K
  class space    used 1508K, capacity 1580K, committed 1664K, reserved 1048576K
Event: 3.796 GC heap after
Heap after GC invocations=13 (full 3):
 PSYoungGen      total 474624K, used 3267K [0x00000000d7d00000, 0x00000000f7f00000, 0x0000000100000000)
  eden space 433664K, 0% used [0x00000000d7d00000,0x00000000d7d00000,0x00000000f2480000)
  from space 40960K, 7% used [0x00000000f5000000,0x00000000f5330d38,0x00000000f7800000)
  to   space 44544K, 0% used [0x00000000f2480000,0x00000000f2480000,0x00000000f5000000)
 ParOldGen       total 83456K, used 83384K [0x0000000087600000, 0x000000008c780000, 0x00000000d7d00000)
  object space 83456K, 99% used [0x0000000087600000,0x000000008c76e008,0x000000008c780000)
 Metaspace       used 12526K, capacity 12770K, committed 12928K, reserved 1060864K
  class space    used 1508K, capacity 1580K, committed 1664K, reserved 1048576K
}
Event: 3.806 GC heap before
{Heap before GC invocations=14 (full 4):
 PSYoungGen      total 474624K, used 8824K [0x00000000d7d00000, 0x00000000f7f00000, 0x0000000100000000)
  eden space 433664K, 1% used [0x00000000d7d00000,0x00000000d826d510,0x00000000f2480000)
  from space 40960K, 7% used [0x00000000f5000000,0x00000000f5330d38,0x00000000f7800000)
  to   space 44544K, 0% used [0x00000000f2480000,0x00000000f2480000,0x00000000f5000000)
 ParOldGen       total 83456K, used 83384K [0x0000000087600000, 0x000000008c780000, 0x00000000d7d00000)
  object space 83456K, 99% used [0x0000000087600000,0x000000008c76e008,0x000000008c780000)
 Metaspace       used 12539K, capacity 12770K, committed 12928K, reserved 1060864K
  class space    used 1510K, capacity 1580K, committed 1664K, reserved 1048576K
Event: 3.919 GC heap after
Heap after GC invocations=14 (full 4):
 PSYoungGen      total 474624K, used 3605K [0x00000000d7d00000, 0x00000000f7f00000, 0x0000000100000000)
  eden space 433664K, 0% used [0x00000000d7d00000,0x00000000d8085768,0x00000000f2480000)
  from space 40960K, 0% used [0x00000000f5000000,0x00000000f5000000,0x00000000f7800000)
  to   space 44544K, 0% used [0x00000000f2480000,0x00000000f2480000,0x00000000f5000000)
 ParOldGen       total 83456K, used 83384K [0x0000000087600000, 0x000000008c780000, 0x00000000d7d00000)
  object space 83456K, 99% used [0x0000000087600000,0x000000008c76e008,0x000000008c780000)
 Metaspace       used 12539K, capacity 12770K, committed 12928K, reserved 1060864K
  class space    used 1510K, capacity 1580K, committed 1664K, reserved 1048576K
}

