# JRE version: Java(TM) SE Runtime Environment (8.0_131-b11) (build 1.8.0_131-b11)
# Java VM: Java HotSpot(TM) 64-Bit Server VM (25.131-b11 mixed mode linux-amd64 compressed oops)
Heap:
 PSYoungGen      total 478720K, used 90553K [0x00000000d7d00000, 0x00000000f7900000, 0x0000000100000000)
  eden space 438784K, 20% used [0x00000000d7d00000,0x00000000dd56e560,0x00000000f2980000)
  from space 39936K, 0% used [0x00000000f5100000,0x00000000f5100000,0x00000000f7800000)
  to   space 40448K, 0% used [0x00000000f2980000,0x00000000f2980000,0x00000000f5100000)
 ParOldGen       total 83456K, used 83450K [0x0000000087600000, 0x000000008c780000, 0x00000000d7d00000)
  object space 83456K, 99% used [0x0000000087600000,0x000000008c77ea48,0x000000008c780000)
 Metaspace       used 12628K, capacity 12830K, committed 13184K, reserved 1060864K
  class space    used 1514K, capacity 1580K, committed 1664K, reserved 1048576K
GC Heap History (10 events):
Event: 3.143 GC heap before
{Heap before GC invocations=10 (full 1):
 PSYoungGen      total 239616K, used 239616K [0x00000000d7d00000, 0x00000000e9100000, 0x0000000100000000)
  eden space 219648K, 100% used [0x00000000d7d00000,0x00000000e5380000,0x00000000e5380000)
  from space 19968K, 100% used [0x00000000e6e80000,0x00000000e8200000,0x00000000e8200000)
  to   space 27648K, 0% used [0x00000000e5380000,0x00000000e5380000,0x00000000e6e80000)
 ParOldGen       total 83456K, used 40903K [0x0000000087600000, 0x000000008c780000, 0x00000000d7d00000)
  object space 83456K, 49% used [0x0000000087600000,0x0000000089df1df0,0x000000008c780000)
 Metaspace       used 12528K, capacity 12702K, committed 12928K, reserved 1060864K
  class space    used 1508K, capacity 1580K, committed 1664K, reserved 1048576K
Event: 3.201 GC heap after
Heap after GC invocations=10 (full 1):
 PSYoungGen      total 247296K, used 27632K [0x00000000d7d00000, 0x00000000f7800000, 0x0000000100000000)
  eden space 219648K, 0% used [0x00000000d7d00000,0x00000000d7d00000,0x00000000e5380000)
  from space 27648K, 99% used [0x00000000e5380000,0x00000000e6e7c158,0x00000000e6e80000)
  to   space 39936K, 0% used [0x00000000f5100000,0x00000000f5100000,0x00000000f7800000)
 ParOldGen       total 83456K, used 59752K [0x0000000087600000, 0x000000008c780000, 0x00000000d7d00000)
  object space 83456K, 71% used [0x0000000087600000,0x000000008b05a210,0x000000008c780000)
 Metaspace       used 12528K, capacity 12702K, committed 12928K, reserved 1060864K
  class space    used 1508K, capacity 1580K, committed 1664K, reserved 1048576K
}
Event: 3.218 GC heap before
{Heap before GC invocations=11 (full 1):
 PSYoungGen      total 247296K, used 31317K [0x00000000d7d00000, 0x00000000f7800000, 0x0000000100000000)
  eden space 219648K, 1% used [0x00000000d7d00000,0x00000000d8099398,0x00000000e5380000)
  from space 27648K, 99% used [0x00000000e5380000,0x00000000e6e7c158,0x00000000e6e80000)
  to   space 39936K, 0% used [0x00000000f5100000,0x00000000f5100000,0x00000000f7800000)
 ParOldGen       total 83456K, used 59752K [0x0000000087600000, 0x000000008c780000, 0x00000000d7d00000)
  object space 83456K, 71% used [0x0000000087600000,0x000000008b05a210,0x000000008c780000)
 Metaspace       used 12529K, capacity 12766K, committed 12928K, reserved 1060864K
  class space    used 1508K, capacity 1580K, committed 1664K, reserved 1048576K
Event: 3.248 GC heap after
Heap after GC invocations=11 (full 1):
 PSYoungGen      total 478720K, used 24745K [0x00000000d7d00000, 0x00000000f7900000, 0x0000000100000000)
  eden space 438784K, 0% used [0x00000000d7d00000,0x00000000d7d00000,0x00000000f2980000)
  from space 39936K, 61% used [0x00000000f5100000,0x00000000f692a410,0x00000000f7800000)
  to   space 40448K, 0% used [0x00000000f2980000,0x00000000f2980000,0x00000000f5100000)
 ParOldGen       total 83456K, used 63992K [0x0000000087600000, 0x000000008c780000, 0x00000000d7d00000)
  object space 83456K, 76% used [0x0000000087600000,0x000000008b47e210,0x000000008c780000)
 Metaspace       used 12529K, capacity 12766K, committed 12928K, reserved 1060864K
  class space    used 1508K, capacity 1580K, committed 1664K, reserved 1048576K
}
Event: 3.248 GC heap before
{Heap before GC invocations=12 (full 2):
 PSYoungGen      total 478720K, used 24745K [0x00000000d7d00000, 0x00000000f7900000, 0x0000000100000000)
  eden space 438784K, 0% used [0x00000000d7d00000,0x00000000d7d00000,0x00000000f2980000)
  from space 39936K, 61% used [0x00000000f5100000,0x00000000f692a410,0x00000000f7800000)
  to   space 40448K, 0% used [0x00000000f2980000,0x00000000f2980000,0x00000000f5100000)
 ParOldGen       total 83456K, used 63992K [0x0000000087600000, 0x000000008c780000, 0x00000000d7d00000)
  object space 83456K, 76% used [0x0000000087600000,0x000000008b47e210,0x000000008c780000)
 Metaspace       used 12529K, capacity 12766K, committed 12928K, reserved 1060864K
  class space    used 1508K, capacity 1580K, committed 1664K, reserved 1048576K
Event: 3.581 GC heap after
Heap after GC invocations=12 (full 2):
 PSYoungGen      total 478720K, used 3206K [0x00000000d7d00000, 0x00000000f7900000, 0x0000000100000000)
  eden space 438784K, 0% used [0x00000000d7d00000,0x00000000d7d00000,0x00000000f2980000)
  from space 39936K, 8% used [0x00000000f5100000,0x00000000f5421818,0x00000000f7800000)
  to   space 40448K, 0% used [0x00000000f2980000,0x00000000f2980000,0x00000000f5100000)
 ParOldGen       total 83456K, used 83054K [0x0000000087600000, 0x000000008c780000, 0x00000000d7d00000)
  object space 83456K, 99% used [0x0000000087600000,0x000000008c71b800,0x000000008c780000)
 Metaspace       used 12529K, capacity 12766K, committed 12928K, reserved 1060864K
  class space    used 1508K, capacity 1580K, committed 1664K, reserved 1048576K
}
Event: 3.584 GC heap before
{Heap before GC invocations=13 (full 3):
 PSYoungGen      total 478720K, used 6830K [0x00000000d7d00000, 0x00000000f7900000, 0x0000000100000000)
  eden space 438784K, 0% used [0x00000000d7d00000,0x00000000d808a0d8,0x00000000f2980000)
  from space 39936K, 8% used [0x00000000f5100000,0x00000000f5421818,0x00000000f7800000)
  to   space 40448K, 0% used [0x00000000f2980000,0x00000000f2980000,0x00000000f5100000)
 ParOldGen       total 83456K, used 83054K [0x0000000087600000, 0x000000008c780000, 0x00000000d7d00000)
  object space 83456K, 99% used [0x0000000087600000,0x000000008c71b800,0x000000008c780000)
 Metaspace       used 12530K, capacity 12766K, committed 12928K, reserved 1060864K
  class space    used 1508K, capacity 1580K, committed 1664K, reserved 1048576K
Event: 3.716 GC heap after
Heap after GC invocations=13 (full 3):
 PSYoungGen      total 478720K, used 3206K [0x00000000d7d00000, 0x00000000f7900000, 0x0000000100000000)
  eden space 438784K, 0% used [0x00000000d7d00000,0x00000000d7d00000,0x00000000f2980000)
  from space 39936K, 8% used [0x00000000f5100000,0x00000000f5421818,0x00000000f7800000)
  to   space 40448K, 0% used [0x00000000f2980000,0x00000000f2980000,0x00000000f5100000)
 ParOldGen       total 83456K, used 83450K [0x0000000087600000, 0x000000008c780000, 0x00000000d7d00000)
  object space 83456K, 99% used [0x0000000087600000,0x000000008c77ea48,0x000000008c780000)
 Metaspace       used 12530K, capacity 12766K, committed 12928K, reserved 1060864K
  class space    used 1508K, capacity 1580K, committed 1664K, reserved 1048576K
}
Event: 3.725 GC heap before
{Heap before GC invocations=14 (full 4):
 PSYoungGen      total 478720K, used 6830K [0x00000000d7d00000, 0x00000000f7900000, 0x0000000100000000)
  eden space 438784K, 0% used [0x00000000d7d00000,0x00000000d808a0d8,0x00000000f2980000)
  from space 39936K, 8% used [0x00000000f5100000,0x00000000f5421818,0x00000000f7800000)
  to   space 40448K, 0% used [0x00000000f2980000,0x00000000f2980000,0x00000000f5100000)
 ParOldGen       total 83456K, used 83450K [0x0000000087600000, 0x000000008c780000, 0x00000000d7d00000)
  object space 83456K, 99% used [0x0000000087600000,0x000000008c77ea48,0x000000008c780000)
 Metaspace       used 12544K, capacity 12766K, committed 12928K, reserved 1060864K
  class space    used 1510K, capacity 1580K, committed 1664K, reserved 1048576K
Event: 3.842 GC heap after
Heap after GC invocations=14 (full 4):
 PSYoungGen      total 478720K, used 3544K [0x00000000d7d00000, 0x00000000f7900000, 0x0000000100000000)
  eden space 438784K, 0% used [0x00000000d7d00000,0x00000000d8076248,0x00000000f2980000)
  from space 39936K, 0% used [0x00000000f5100000,0x00000000f5100000,0x00000000f7800000)
  to   space 40448K, 0% used [0x00000000f2980000,0x00000000f2980000,0x00000000f5100000)
 ParOldGen       total 83456K, used 83450K [0x0000000087600000, 0x000000008c780000, 0x00000000d7d00000)
  object space 83456K, 99% used [0x0000000087600000,0x000000008c77ea48,0x000000008c780000)
 Metaspace       used 12544K, capacity 12766K, committed 12928K, reserved 1060864K
  class space    used 1510K, capacity 1580K, committed 1664K, reserved 1048576K
}

