# JRE version: Java(TM) SE Runtime Environment (8.0_131-b11) (build 1.8.0_131-b11)
# Java VM: Java HotSpot(TM) 64-Bit Server VM (25.131-b11 mixed mode linux-amd64 compressed oops)
Heap:
 PSYoungGen      total 479232K, used 64517K [0x00000000d7d00000, 0x00000000f7b00000, 0x0000000100000000)
  eden space 439296K, 14% used [0x00000000d7d00000,0x00000000dbc01418,0x00000000f2a00000)
  from space 39936K, 0% used [0x00000000f5200000,0x00000000f5200000,0x00000000f7900000)
  to   space 40960K, 0% used [0x00000000f2a00000,0x00000000f2a00000,0x00000000f5200000)
 ParOldGen       total 83456K, used 83238K [0x0000000087600000, 0x000000008c780000, 0x00000000d7d00000)
  object space 83456K, 99% used [0x0000000087600000,0x000000008c749ae0,0x000000008c780000)
 Metaspace       used 12615K, capacity 12842K, committed 13184K, reserved 1060864K
  class space    used 1513K, capacity 1580K, committed 1664K, reserved 1048576K
GC Heap History (10 events):
Event: 2.778 GC heap before
{Heap before GC invocations=10 (full 1):
 PSYoungGen      total 240640K, used 240640K [0x00000000d7d00000, 0x00000000e9100000, 0x0000000100000000)
  eden space 220160K, 100% used [0x00000000d7d00000,0x00000000e5400000,0x00000000e5400000)
  from space 20480K, 100% used [0x00000000e6f00000,0x00000000e8300000,0x00000000e8300000)
  to   space 27648K, 0% used [0x00000000e5400000,0x00000000e5400000,0x00000000e6f00000)
 ParOldGen       total 83456K, used 40307K [0x0000000087600000, 0x000000008c780000, 0x00000000d7d00000)
  object space 83456K, 48% used [0x0000000087600000,0x0000000089d5cf30,0x000000008c780000)
 Metaspace       used 12528K, capacity 12778K, committed 12928K, reserved 1060864K
  class space    used 1508K, capacity 1580K, committed 1664K, reserved 1048576K
Event: 2.840 GC heap after
Heap after GC invocations=10 (full 1):
 PSYoungGen      total 247808K, used 27618K [0x00000000d7d00000, 0x00000000f7900000, 0x0000000100000000)
  eden space 220160K, 0% used [0x00000000d7d00000,0x00000000d7d00000,0x00000000e5400000)
  from space 27648K, 99% used [0x00000000e5400000,0x00000000e6ef8b08,0x00000000e6f00000)
  to   space 39936K, 0% used [0x00000000f5200000,0x00000000f5200000,0x00000000f7900000)
 ParOldGen       total 83456K, used 59960K [0x0000000087600000, 0x000000008c780000, 0x00000000d7d00000)
  object space 83456K, 71% used [0x0000000087600000,0x000000008b08e140,0x000000008c780000)
 Metaspace       used 12528K, capacity 12778K, committed 12928K, reserved 1060864K
  class space    used 1508K, capacity 1580K, committed 1664K, reserved 1048576K
}
Event: 2.850 GC heap before
{Heap before GC invocations=11 (full 1):
 PSYoungGen      total 247808K, used 29445K [0x00000000d7d00000, 0x00000000f7900000, 0x0000000100000000)
  eden space 220160K, 0% used [0x00000000d7d00000,0x00000000d7ec8978,0x00000000e5400000)
  from space 27648K, 99% used [0x00000000e5400000,0x00000000e6ef8b08,0x00000000e6f00000)
  to   space 39936K, 0% used [0x00000000f5200000,0x00000000f5200000,0x00000000f7900000)
 ParOldGen       total 83456K, used 59960K [0x0000000087600000, 0x000000008c780000, 0x00000000d7d00000)
  object space 83456K, 71% used [0x0000000087600000,0x000000008b08e140,0x000000008c780000)
 Metaspace       used 12528K, capacity 12778K, committed 12928K, reserved 1060864K
  class space    used 1508K, capacity 1580K, committed 1664K, reserved 1048576K
Event: 2.879 GC heap after
Heap after GC invocations=11 (full 1):
 PSYoungGen      total 479232K, used 25126K [0x00000000d7d00000, 0x00000000f7b00000, 0x0000000100000000)
  eden space 439296K, 0% used [0x00000000d7d00000,0x00000000d7d00000,0x00000000f2a00000)
  from space 39936K, 62% used [0x00000000f5200000,0x00000000f6a899a8,0x00000000f7900000)
  to   space 40960K, 0% used [0x00000000f2a00000,0x00000000f2a00000,0x00000000f5200000)
 ParOldGen       total 83456K, used 63416K [0x0000000087600000, 0x000000008c780000, 0x00000000d7d00000)
  object space 83456K, 75% used [0x0000000087600000,0x000000008b3ee140,0x000000008c780000)
 Metaspace       used 12528K, capacity 12778K, committed 12928K, reserved 1060864K
  class space    used 1508K, capacity 1580K, committed 1664K, reserved 1048576K
}
Event: 2.879 GC heap before
{Heap before GC invocations=12 (full 2):
 PSYoungGen      total 479232K, used 25126K [0x00000000d7d00000, 0x00000000f7b00000, 0x0000000100000000)
  eden space 439296K, 0% used [0x00000000d7d00000,0x00000000d7d00000,0x00000000f2a00000)
  from space 39936K, 62% used [0x00000000f5200000,0x00000000f6a899a8,0x00000000f7900000)
  to   space 40960K, 0% used [0x00000000f2a00000,0x00000000f2a00000,0x00000000f5200000)
 ParOldGen       total 83456K, used 63416K [0x0000000087600000, 0x000000008c780000, 0x00000000d7d00000)
  object space 83456K, 75% used [0x0000000087600000,0x000000008b3ee140,0x000000008c780000)
 Metaspace       used 12528K, capacity 12778K, committed 12928K, reserved 1060864K
  class space    used 1508K, capacity 1580K, committed 1664K, reserved 1048576K
Event: 3.186 GC heap after
Heap after GC invocations=12 (full 2):
 PSYoungGen      total 479232K, used 3016K [0x00000000d7d00000, 0x00000000f7b00000, 0x0000000100000000)
  eden space 439296K, 0% used [0x00000000d7d00000,0x00000000d7d00000,0x00000000f2a00000)
  from space 39936K, 7% used [0x00000000f5200000,0x00000000f54f2388,0x00000000f7900000)
  to   space 40960K, 0% used [0x00000000f2a00000,0x00000000f2a00000,0x00000000f5200000)
 ParOldGen       total 83456K, used 83238K [0x0000000087600000, 0x000000008c780000, 0x00000000d7d00000)
  object space 83456K, 99% used [0x0000000087600000,0x000000008c749ae0,0x000000008c780000)
 Metaspace       used 12528K, capacity 12778K, committed 12928K, reserved 1060864K
  class space    used 1508K, capacity 1580K, committed 1664K, reserved 1048576K
}
Event: 3.190 GC heap before
{Heap before GC invocations=13 (full 3):
 PSYoungGen      total 479232K, used 6658K [0x00000000d7d00000, 0x00000000f7b00000, 0x0000000100000000)
  eden space 439296K, 0% used [0x00000000d7d00000,0x00000000d808e480,0x00000000f2a00000)
  from space 39936K, 7% used [0x00000000f5200000,0x00000000f54f2388,0x00000000f7900000)
  to   space 40960K, 0% used [0x00000000f2a00000,0x00000000f2a00000,0x00000000f5200000)
 ParOldGen       total 83456K, used 83238K [0x0000000087600000, 0x000000008c780000, 0x00000000d7d00000)
  object space 83456K, 99% used [0x0000000087600000,0x000000008c749ae0,0x000000008c780000)
 Metaspace       used 12530K, capacity 12778K, committed 12928K, reserved 1060864K
  class space    used 1508K, capacity 1580K, committed 1664K, reserved 1048576K
Event: 3.312 GC heap after
Heap after GC invocations=13 (full 3):
 PSYoungGen      total 479232K, used 3413K [0x00000000d7d00000, 0x00000000f7b00000, 0x0000000100000000)
  eden space 439296K, 0% used [0x00000000d7d00000,0x00000000d80555d0,0x00000000f2a00000)
  from space 39936K, 0% used [0x00000000f5200000,0x00000000f5200000,0x00000000f7900000)
  to   space 40960K, 0% used [0x00000000f2a00000,0x00000000f2a00000,0x00000000f5200000)
 ParOldGen       total 83456K, used 83238K [0x0000000087600000, 0x000000008c780000, 0x00000000d7d00000)
  object space 83456K, 99% used [0x0000000087600000,0x000000008c749ae0,0x000000008c780000)
 Metaspace       used 12530K, capacity 12778K, committed 12928K, reserved 1060864K
  class space    used 1508K, capacity 1580K, committed 1664K, reserved 1048576K
}
Event: 3.321 GC heap before
{Heap before GC invocations=14 (full 4):
 PSYoungGen      total 479232K, used 7054K [0x00000000d7d00000, 0x00000000f7b00000, 0x0000000100000000)
  eden space 439296K, 1% used [0x00000000d7d00000,0x00000000d83e3a50,0x00000000f2a00000)
  from space 39936K, 0% used [0x00000000f5200000,0x00000000f5200000,0x00000000f7900000)
  to   space 40960K, 0% used [0x00000000f2a00000,0x00000000f2a00000,0x00000000f5200000)
 ParOldGen       total 83456K, used 83238K [0x0000000087600000, 0x000000008c780000, 0x00000000d7d00000)
  object space 83456K, 99% used [0x0000000087600000,0x000000008c749ae0,0x000000008c780000)
 Metaspace       used 12542K, capacity 12778K, committed 12928K, reserved 1060864K
  class space    used 1510K, capacity 1580K, committed 1664K, reserved 1048576K
Event: 3.488 GC heap after
Heap after GC invocations=14 (full 4):
 PSYoungGen      total 479232K, used 3752K [0x00000000d7d00000, 0x00000000f7b00000, 0x0000000100000000)
  eden space 439296K, 0% used [0x00000000d7d00000,0x00000000d80aa010,0x00000000f2a00000)
  from space 39936K, 0% used [0x00000000f5200000,0x00000000f5200000,0x00000000f7900000)
  to   space 40960K, 0% used [0x00000000f2a00000,0x00000000f2a00000,0x00000000f5200000)
 ParOldGen       total 83456K, used 83238K [0x0000000087600000, 0x000000008c780000, 0x00000000d7d00000)
  object space 83456K, 99% used [0x0000000087600000,0x000000008c749ae0,0x000000008c780000)
 Metaspace       used 12542K, capacity 12778K, committed 12928K, reserved 1060864K
  class space    used 1510K, capacity 1580K, committed 1664K, reserved 1048576K
}

