# JRE version: Java(TM) SE Runtime Environment (8.0_131-b11) (build 1.8.0_131-b11)
# Java VM: Java HotSpot(TM) 64-Bit Server VM (25.131-b11 mixed mode linux-amd64 compressed oops)
Heap:
 PSYoungGen      total 477184K, used 9165K [0x00000000d7d00000, 0x00000000f7c00000, 0x0000000100000000)
  eden space 435712K, 2% used [0x00000000d7d00000,0x00000000d85f3648,0x00000000f2680000)
  from space 41472K, 0% used [0x00000000f5080000,0x00000000f5080000,0x00000000f7900000)
  to   space 43008K, 0% used [0x00000000f2680000,0x00000000f2680000,0x00000000f5080000)
 ParOldGen       total 83456K, used 83077K [0x0000000087600000, 0x000000008c780000, 0x00000000d7d00000)
  object space 83456K, 99% used [0x0000000087600000,0x000000008c721668,0x000000008c780000)
 Metaspace       used 12557K, capacity 12778K, committed 12928K, reserved 1060864K
  class space    used 1508K, capacity 1580K, committed 1664K, reserved 1048576K
GC Heap History (10 events):
Event: 2.760 GC heap before
{Heap before GC invocations=9 (full 1):
 PSYoungGen      total 130048K, used 130048K [0x00000000d7d00000, 0x00000000e8300000, 0x0000000100000000)
  eden space 113152K, 100% used [0x00000000d7d00000,0x00000000deb80000,0x00000000deb80000)
  from space 16896K, 100% used [0x00000000deb80000,0x00000000dfc00000,0x00000000dfc00000)
  to   space 20992K, 0% used [0x00000000e6e80000,0x00000000e6e80000,0x00000000e8300000)
 ParOldGen       total 83456K, used 26246K [0x0000000087600000, 0x000000008c780000, 0x00000000d7d00000)
  object space 83456K, 31% used [0x0000000087600000,0x0000000088fa18a0,0x000000008c780000)
 Metaspace       used 12535K, capacity 12720K, committed 12928K, reserved 1060864K
  class space    used 1505K, capacity 1581K, committed 1664K, reserved 1048576K
Event: 2.798 GC heap after
Heap after GC invocations=9 (full 1):
 PSYoungGen      total 239616K, used 20992K [0x00000000d7d00000, 0x00000000e9200000, 0x0000000100000000)
  eden space 218624K, 0% used [0x00000000d7d00000,0x00000000d7d00000,0x00000000e5280000)
  from space 20992K, 100% used [0x00000000e6e80000,0x00000000e8300000,0x00000000e8300000)
  to   space 28672K, 0% used [0x00000000e5280000,0x00000000e5280000,0x00000000e6e80000)
 ParOldGen       total 83456K, used 35742K [0x0000000087600000, 0x000000008c780000, 0x00000000d7d00000)
  object space 83456K, 42% used [0x0000000087600000,0x00000000898e78a0,0x000000008c780000)
 Metaspace       used 12535K, capacity 12720K, committed 12928K, reserved 1060864K
  class space    used 1505K, capacity 1581K, committed 1664K, reserved 1048576K
}
Event: 3.093 GC heap before
{Heap before GC invocations=10 (full 1):
 PSYoungGen      total 239616K, used 239616K [0x00000000d7d00000, 0x00000000e9200000, 0x0000000100000000)
  eden space 218624K, 100% used [0x00000000d7d00000,0x00000000e5280000,0x00000000e5280000)
  from space 20992K, 100% used [0x00000000e6e80000,0x00000000e8300000,0x00000000e8300000)
  to   space 28672K, 0% used [0x00000000e5280000,0x00000000e5280000,0x00000000e6e80000)
 ParOldGen       total 83456K, used 35742K [0x0000000087600000, 0x000000008c780000, 0x00000000d7d00000)
  object space 83456K, 42% used [0x0000000087600000,0x00000000898e78a0,0x000000008c780000)
 Metaspace       used 12538K, capacity 12720K, committed 12928K, reserved 1060864K
  class space    used 1505K, capacity 1581K, committed 1664K, reserved 1048576K
Event: 3.148 GC heap after
Heap after GC invocations=10 (full 1):
 PSYoungGen      total 247296K, used 28672K [0x00000000d7d00000, 0x00000000f7900000, 0x0000000100000000)
  eden space 218624K, 0% used [0x00000000d7d00000,0x00000000d7d00000,0x00000000e5280000)
  from space 28672K, 100% used [0x00000000e5280000,0x00000000e6e80000,0x00000000e6e80000)
  to   space 41472K, 0% used [0x00000000f5080000,0x00000000f5080000,0x00000000f7900000)
 ParOldGen       total 83456K, used 54478K [0x0000000087600000, 0x000000008c780000, 0x00000000d7d00000)
  object space 83456K, 65% used [0x0000000087600000,0x000000008ab338a0,0x000000008c780000)
 Metaspace       used 12538K, capacity 12720K, committed 12928K, reserved 1060864K
  class space    used 1505K, capacity 1581K, committed 1664K, reserved 1048576K
}
Event: 3.203 GC heap before
{Heap before GC invocations=11 (full 1):
 PSYoungGen      total 247296K, used 67024K [0x00000000d7d00000, 0x00000000f7900000, 0x0000000100000000)
  eden space 218624K, 17% used [0x00000000d7d00000,0x00000000da274368,0x00000000e5280000)
  from space 28672K, 100% used [0x00000000e5280000,0x00000000e6e80000,0x00000000e6e80000)
  to   space 41472K, 0% used [0x00000000f5080000,0x00000000f5080000,0x00000000f7900000)
 ParOldGen       total 83456K, used 54478K [0x0000000087600000, 0x000000008c780000, 0x00000000d7d00000)
  object space 83456K, 65% used [0x0000000087600000,0x000000008ab338a0,0x000000008c780000)
 Metaspace       used 12557K, capacity 12720K, committed 12928K, reserved 1060864K
  class space    used 1509K, capacity 1581K, committed 1664K, reserved 1048576K
Event: 3.257 GC heap after
Heap after GC invocations=11 (full 1):
 PSYoungGen      total 477184K, used 27871K [0x00000000d7d00000, 0x00000000f7c00000, 0x0000000100000000)
  eden space 435712K, 0% used [0x00000000d7d00000,0x00000000d7d00000,0x00000000f2680000)
  from space 41472K, 67% used [0x00000000f5080000,0x00000000f6bb7e30,0x00000000f7900000)
  to   space 43008K, 0% used [0x00000000f2680000,0x00000000f2680000,0x00000000f5080000)
 ParOldGen       total 83456K, used 60582K [0x0000000087600000, 0x000000008c780000, 0x00000000d7d00000)
  object space 83456K, 72% used [0x0000000087600000,0x000000008b1298a0,0x000000008c780000)
 Metaspace       used 12557K, capacity 12720K, committed 12928K, reserved 1060864K
  class space    used 1509K, capacity 1581K, committed 1664K, reserved 1048576K
}
Event: 3.257 GC heap before
{Heap before GC invocations=12 (full 2):
 PSYoungGen      total 477184K, used 27871K [0x00000000d7d00000, 0x00000000f7c00000, 0x0000000100000000)
  eden space 435712K, 0% used [0x00000000d7d00000,0x00000000d7d00000,0x00000000f2680000)
  from space 41472K, 67% used [0x00000000f5080000,0x00000000f6bb7e30,0x00000000f7900000)
  to   space 43008K, 0% used [0x00000000f2680000,0x00000000f2680000,0x00000000f5080000)
 ParOldGen       total 83456K, used 60582K [0x0000000087600000, 0x000000008c780000, 0x00000000d7d00000)
  object space 83456K, 72% used [0x0000000087600000,0x000000008b1298a0,0x000000008c780000)
 Metaspace       used 12557K, capacity 12720K, committed 12928K, reserved 1060864K
  class space    used 1509K, capacity 1581K, committed 1664K, reserved 1048576K
Event: 3.585 GC heap after
Heap after GC invocations=12 (full 2):
 PSYoungGen      total 477184K, used 3192K [0x00000000d7d00000, 0x00000000f7c00000, 0x0000000100000000)
  eden space 435712K, 0% used [0x00000000d7d00000,0x00000000d7d00000,0x00000000f2680000)
  from space 41472K, 7% used [0x00000000f5080000,0x00000000f539e140,0x00000000f7900000)
  to   space 43008K, 0% used [0x00000000f2680000,0x00000000f2680000,0x00000000f5080000)
 ParOldGen       total 83456K, used 83077K [0x0000000087600000, 0x000000008c780000, 0x00000000d7d00000)
  object space 83456K, 99% used [0x0000000087600000,0x000000008c7217a8,0x000000008c780000)
 Metaspace       used 12553K, capacity 12714K, committed 12928K, reserved 1060864K
  class space    used 1508K, capacity 1580K, committed 1664K, reserved 1048576K
}
Event: 3.589 GC heap before
{Heap before GC invocations=13 (full 3):
 PSYoungGen      total 477184K, used 8779K [0x00000000d7d00000, 0x00000000f7c00000, 0x0000000100000000)
  eden space 435712K, 1% used [0x00000000d7d00000,0x00000000d8274eb8,0x00000000f2680000)
  from space 41472K, 7% used [0x00000000f5080000,0x00000000f539e140,0x00000000f7900000)
  to   space 43008K, 0% used [0x00000000f2680000,0x00000000f2680000,0x00000000f5080000)
 ParOldGen       total 83456K, used 83077K [0x0000000087600000, 0x000000008c780000, 0x00000000d7d00000)
  object space 83456K, 99% used [0x0000000087600000,0x000000008c7217a8,0x000000008c780000)
 Metaspace       used 12555K, capacity 12778K, committed 12928K, reserved 1060864K
  class space    used 1508K, capacity 1580K, committed 1664K, reserved 1048576K
Event: 3.744 GC heap after
Heap after GC invocations=13 (full 3):
 PSYoungGen      total 477184K, used 3577K [0x00000000d7d00000, 0x00000000f7c00000, 0x0000000100000000)
  eden space 435712K, 0% used [0x00000000d7d00000,0x00000000d807e790,0x00000000f2680000)
  from space 41472K, 0% used [0x00000000f5080000,0x00000000f5080000,0x00000000f7900000)
  to   space 43008K, 0% used [0x00000000f2680000,0x00000000f2680000,0x00000000f5080000)
 ParOldGen       total 83456K, used 83077K [0x0000000087600000, 0x000000008c780000, 0x00000000d7d00000)
  object space 83456K, 99% used [0x0000000087600000,0x000000008c721668,0x000000008c780000)
 Metaspace       used 12555K, capacity 12778K, committed 12928K, reserved 1060864K
  class space    used 1508K, capacity 1580K, committed 1664K, reserved 1048576K
}

