# JRE version: Java(TM) SE Runtime Environment (8.0_131-b11) (build 1.8.0_131-b11)
# Java VM: Java HotSpot(TM) 64-Bit Server VM (25.131-b11 mixed mode linux-amd64 compressed oops)
Heap:
 PSYoungGen      total 478208K, used 24748K [0x00000000d7d00000, 0x00000000f7a00000, 0x0000000100000000)
  eden space 438272K, 5% used [0x00000000d7d00000,0x00000000d952b218,0x00000000f2900000)
  from space 39936K, 0% used [0x00000000f5100000,0x00000000f5100000,0x00000000f7800000)
  to   space 40960K, 0% used [0x00000000f2900000,0x00000000f2900000,0x00000000f5100000)
 ParOldGen       total 83456K, used 83420K [0x0000000087600000, 0x000000008c780000, 0x00000000d7d00000)
  object space 83456K, 99% used [0x0000000087600000,0x000000008c7770b8,0x000000008c780000)
 Metaspace       used 12590K, capacity 12774K, committed 12928K, reserved 1060864K
  class space    used 1515K, capacity 1580K, committed 1664K, reserved 1048576K
GC Heap History (10 events):
Event: 4.013 GC heap before
{Heap before GC invocations=10 (full 1):
 PSYoungGen      total 239616K, used 239616K [0x00000000d7d00000, 0x00000000e9100000, 0x0000000100000000)
  eden space 219648K, 100% used [0x00000000d7d00000,0x00000000e5380000,0x00000000e5380000)
  from space 19968K, 100% used [0x00000000e6e80000,0x00000000e8200000,0x00000000e8200000)
  to   space 27648K, 0% used [0x00000000e5380000,0x00000000e5380000,0x00000000e6e80000)
 ParOldGen       total 83456K, used 40674K [0x0000000087600000, 0x000000008c780000, 0x00000000d7d00000)
  object space 83456K, 48% used [0x0000000087600000,0x0000000089db8a28,0x000000008c780000)
 Metaspace       used 12491K, capacity 12646K, committed 12928K, reserved 1060864K
  class space    used 1508K, capacity 1580K, committed 1664K, reserved 1048576K
Event: 4.089 GC heap after
Heap after GC invocations=10 (full 1):
 PSYoungGen      total 247296K, used 27616K [0x00000000d7d00000, 0x00000000f7800000, 0x0000000100000000)
  eden space 219648K, 0% used [0x00000000d7d00000,0x00000000d7d00000,0x00000000e5380000)
  from space 27648K, 99% used [0x00000000e5380000,0x00000000e6e782b0,0x00000000e6e80000)
  to   space 39936K, 0% used [0x00000000f5100000,0x00000000f5100000,0x00000000f7800000)
 ParOldGen       total 83456K, used 59849K [0x0000000087600000, 0x000000008c780000, 0x00000000d7d00000)
  object space 83456K, 71% used [0x0000000087600000,0x000000008b072490,0x000000008c780000)
 Metaspace       used 12491K, capacity 12646K, committed 12928K, reserved 1060864K
  class space    used 1508K, capacity 1580K, committed 1664K, reserved 1048576K
}
Event: 4.103 GC heap before
{Heap before GC invocations=11 (full 1):
 PSYoungGen      total 247296K, used 29487K [0x00000000d7d00000, 0x00000000f7800000, 0x0000000100000000)
  eden space 219648K, 0% used [0x00000000d7d00000,0x00000000d7ed3c00,0x00000000e5380000)
  from space 27648K, 99% used [0x00000000e5380000,0x00000000e6e782b0,0x00000000e6e80000)
  to   space 39936K, 0% used [0x00000000f5100000,0x00000000f5100000,0x00000000f7800000)
 ParOldGen       total 83456K, used 59849K [0x0000000087600000, 0x000000008c780000, 0x00000000d7d00000)
  object space 83456K, 71% used [0x0000000087600000,0x000000008b072490,0x000000008c780000)
 Metaspace       used 12492K, capacity 12646K, committed 12928K, reserved 1060864K
  class space    used 1508K, capacity 1580K, committed 1664K, reserved 1048576K
Event: 4.149 GC heap after
Heap after GC invocations=11 (full 1):
 PSYoungGen      total 478208K, used 25414K [0x00000000d7d00000, 0x00000000f7a00000, 0x0000000100000000)
  eden space 438272K, 0% used [0x00000000d7d00000,0x00000000d7d00000,0x00000000f2900000)
  from space 39936K, 63% used [0x00000000f5100000,0x00000000f69d1bb8,0x00000000f7800000)
  to   space 40960K, 0% used [0x00000000f2900000,0x00000000f2900000,0x00000000f5100000)
 ParOldGen       total 83456K, used 62993K [0x0000000087600000, 0x000000008c780000, 0x00000000d7d00000)
  object space 83456K, 75% used [0x0000000087600000,0x000000008b384490,0x000000008c780000)
 Metaspace       used 12492K, capacity 12646K, committed 12928K, reserved 1060864K
  class space    used 1508K, capacity 1580K, committed 1664K, reserved 1048576K
}
Event: 4.149 GC heap before
{Heap before GC invocations=12 (full 2):
 PSYoungGen      total 478208K, used 25414K [0x00000000d7d00000, 0x00000000f7a00000, 0x0000000100000000)
  eden space 438272K, 0% used [0x00000000d7d00000,0x00000000d7d00000,0x00000000f2900000)
  from space 39936K, 63% used [0x00000000f5100000,0x00000000f69d1bb8,0x00000000f7800000)
  to   space 40960K, 0% used [0x00000000f2900000,0x00000000f2900000,0x00000000f5100000)
 ParOldGen       total 83456K, used 62993K [0x0000000087600000, 0x000000008c780000, 0x00000000d7d00000)
  object space 83456K, 75% used [0x0000000087600000,0x000000008b384490,0x000000008c780000)
 Metaspace       used 12492K, capacity 12646K, committed 12928K, reserved 1060864K
  class space    used 1508K, capacity 1580K, committed 1664K, reserved 1048576K
Event: 4.695 GC heap after
Heap after GC invocations=12 (full 2):
 PSYoungGen      total 478208K, used 2834K [0x00000000d7d00000, 0x00000000f7a00000, 0x0000000100000000)
  eden space 438272K, 0% used [0x00000000d7d00000,0x00000000d7d00000,0x00000000f2900000)
  from space 39936K, 7% used [0x00000000f5100000,0x00000000f53c48c0,0x00000000f7800000)
  to   space 40960K, 0% used [0x00000000f2900000,0x00000000f2900000,0x00000000f5100000)
 ParOldGen       total 83456K, used 83420K [0x0000000087600000, 0x000000008c780000, 0x00000000d7d00000)
  object space 83456K, 99% used [0x0000000087600000,0x000000008c7770b8,0x000000008c780000)
 Metaspace       used 12492K, capacity 12646K, committed 12928K, reserved 1060864K
  class space    used 1508K, capacity 1580K, committed 1664K, reserved 1048576K
}
Event: 4.702 GC heap before
{Heap before GC invocations=13 (full 3):
 PSYoungGen      total 478208K, used 6467K [0x00000000d7d00000, 0x00000000f7a00000, 0x0000000100000000)
  eden space 438272K, 0% used [0x00000000d7d00000,0x00000000d808c488,0x00000000f2900000)
  from space 39936K, 7% used [0x00000000f5100000,0x00000000f53c48c0,0x00000000f7800000)
  to   space 40960K, 0% used [0x00000000f2900000,0x00000000f2900000,0x00000000f5100000)
 ParOldGen       total 83456K, used 83420K [0x0000000087600000, 0x000000008c780000, 0x00000000d7d00000)
  object space 83456K, 99% used [0x0000000087600000,0x000000008c7770b8,0x000000008c780000)
 Metaspace       used 12493K, capacity 12710K, committed 12928K, reserved 1060864K
  class space    used 1508K, capacity 1580K, committed 1664K, reserved 1048576K
Event: 4.893 GC heap after
Heap after GC invocations=13 (full 3):
 PSYoungGen      total 478208K, used 3230K [0x00000000d7d00000, 0x00000000f7a00000, 0x0000000100000000)
  eden space 438272K, 0% used [0x00000000d7d00000,0x00000000d8027b08,0x00000000f2900000)
  from space 39936K, 0% used [0x00000000f5100000,0x00000000f5100000,0x00000000f7800000)
  to   space 40960K, 0% used [0x00000000f2900000,0x00000000f2900000,0x00000000f5100000)
 ParOldGen       total 83456K, used 83420K [0x0000000087600000, 0x000000008c780000, 0x00000000d7d00000)
  object space 83456K, 99% used [0x0000000087600000,0x000000008c7770b8,0x000000008c780000)
 Metaspace       used 12493K, capacity 12710K, committed 12928K, reserved 1060864K
  class space    used 1508K, capacity 1580K, committed 1664K, reserved 1048576K
}
Event: 4.907 GC heap before
{Heap before GC invocations=14 (full 4):
 PSYoungGen      total 478208K, used 6863K [0x00000000d7d00000, 0x00000000f7a00000, 0x0000000100000000)
  eden space 438272K, 1% used [0x00000000d7d00000,0x00000000d83b3f90,0x00000000f2900000)
  from space 39936K, 0% used [0x00000000f5100000,0x00000000f5100000,0x00000000f7800000)
  to   space 40960K, 0% used [0x00000000f2900000,0x00000000f2900000,0x00000000f5100000)
 ParOldGen       total 83456K, used 83420K [0x0000000087600000, 0x000000008c780000, 0x00000000d7d00000)
  object space 83456K, 99% used [0x0000000087600000,0x000000008c7770b8,0x000000008c780000)
 Metaspace       used 12507K, capacity 12774K, committed 12928K, reserved 1060864K
  class space    used 1510K, capacity 1580K, committed 1664K, reserved 1048576K
Event: 5.101 GC heap after
Heap after GC invocations=14 (full 4):
 PSYoungGen      total 478208K, used 3569K [0x00000000d7d00000, 0x00000000f7a00000, 0x0000000100000000)
  eden space 438272K, 0% used [0x00000000d7d00000,0x00000000d807c538,0x00000000f2900000)
  from space 39936K, 0% used [0x00000000f5100000,0x00000000f5100000,0x00000000f7800000)
  to   space 40960K, 0% used [0x00000000f2900000,0x00000000f2900000,0x00000000f5100000)
 ParOldGen       total 83456K, used 83420K [0x0000000087600000, 0x000000008c780000, 0x00000000d7d00000)
  object space 83456K, 99% used [0x0000000087600000,0x000000008c7770b8,0x000000008c780000)
 Metaspace       used 12507K, capacity 12774K, committed 12928K, reserved 1060864K
  class space    used 1510K, capacity 1580K, committed 1664K, reserved 1048576K
}

